[0.114s] DEBUG:colcon:Command line arguments: ['/home/tanaya/.local/bin/colcon', 'build']
[0.114s] DEBUG:colcon:Parsed command line arguments: Namespace(ament_cmake_args=None, base_paths=['.'], build_base='build', catkin_cmake_args=None, catkin_skip_building_tests=False, cmake_args=None, cmake_clean_cache=False, cmake_clean_first=False, cmake_force_configure=False, cmake_target=None, cmake_target_skip_unavailable=False, continue_on_error=False, event_handlers=None, executor='parallel', ignore_user_meta=False, install_base='install', log_base=None, log_level=None, main=<bound method BuildVerb.main of <colcon_core.verb.build.BuildVerb object at 0x7f1499f69cd0>>, merge_install=False, metas=['./colcon.meta'], packages_above=None, packages_above_and_dependencies=None, packages_above_depth=None, packages_end=None, packages_ignore=None, packages_ignore_regex=None, packages_select=None, packages_select_build_failed=False, packages_select_by_dep=None, packages_select_regex=None, packages_select_test_failures=False, packages_skip=None, packages_skip_build_finished=False, packages_skip_by_dep=None, packages_skip_regex=None, packages_skip_test_passed=False, packages_skip_up_to=None, packages_start=None, packages_up_to=None, packages_up_to_regex=None, parallel_workers=20, paths=None, symlink_install=False, test_result_base=None, verb_extension=<colcon_core.verb.build.BuildVerb object at 0x7f1499f69cd0>, verb_name='build', verb_parser=<colcon_defaults.argument_parser.defaults.DefaultArgumentsDecorator object at 0x7f1499f7b9a0>)
[0.179s] Level 1:colcon.colcon_core.package_discovery:discover_packages(colcon_meta) check parameters
[0.179s] Level 1:colcon.colcon_core.package_discovery:discover_packages(recursive) check parameters
[0.179s] Level 1:colcon.colcon_core.package_discovery:discover_packages(ignore) check parameters
[0.179s] Level 1:colcon.colcon_core.package_discovery:discover_packages(path) check parameters
[0.179s] Level 1:colcon.colcon_core.package_discovery:discover_packages(colcon_meta) discover
[0.179s] Level 1:colcon.colcon_core.package_discovery:discover_packages(recursive) discover
[0.179s] INFO:colcon.colcon_core.package_discovery:Crawling recursively for packages in '/home/tanaya/lab-7-vision-lab-team-10/vision_pkg'
[0.179s] Level 1:colcon.colcon_core.package_identification:_identify(.) by extensions ['ignore', 'ignore_ament_install']
[0.179s] Level 1:colcon.colcon_core.package_identification:_identify(.) by extension 'ignore'
[0.179s] Level 1:colcon.colcon_core.package_identification:_identify(.) by extension 'ignore_ament_install'
[0.179s] Level 1:colcon.colcon_core.package_identification:_identify(.) by extensions ['colcon_pkg']
[0.179s] Level 1:colcon.colcon_core.package_identification:_identify(.) by extension 'colcon_pkg'
[0.180s] Level 1:colcon.colcon_core.package_identification:_identify(.) by extensions ['colcon_meta']
[0.180s] Level 1:colcon.colcon_core.package_identification:_identify(.) by extension 'colcon_meta'
[0.180s] Level 1:colcon.colcon_core.package_identification:_identify(.) by extensions ['ros']
[0.180s] Level 1:colcon.colcon_core.package_identification:_identify(.) by extension 'ros'
[0.186s] DEBUG:colcon.colcon_core.package_identification:Package '.' with type 'ros.ament_cmake' and name 'vision_pkg'
[0.187s] Level 1:colcon.colcon_core.package_discovery:discover_packages(recursive) using defaults
[0.187s] Level 1:colcon.colcon_core.package_discovery:discover_packages(ignore) discover
[0.187s] Level 1:colcon.colcon_core.package_discovery:discover_packages(ignore) using defaults
[0.187s] Level 1:colcon.colcon_core.package_discovery:discover_packages(path) discover
[0.187s] Level 1:colcon.colcon_core.package_discovery:discover_packages(path) using defaults
[0.195s] Level 5:colcon.colcon_core.verb:set package 'vision_pkg' build argument 'cmake_args' from command line to 'None'
[0.195s] Level 5:colcon.colcon_core.verb:set package 'vision_pkg' build argument 'cmake_target' from command line to 'None'
[0.195s] Level 5:colcon.colcon_core.verb:set package 'vision_pkg' build argument 'cmake_target_skip_unavailable' from command line to 'False'
[0.195s] Level 5:colcon.colcon_core.verb:set package 'vision_pkg' build argument 'cmake_clean_cache' from command line to 'False'
[0.195s] Level 5:colcon.colcon_core.verb:set package 'vision_pkg' build argument 'cmake_clean_first' from command line to 'False'
[0.195s] Level 5:colcon.colcon_core.verb:set package 'vision_pkg' build argument 'cmake_force_configure' from command line to 'False'
[0.195s] Level 5:colcon.colcon_core.verb:set package 'vision_pkg' build argument 'ament_cmake_args' from command line to 'None'
[0.195s] Level 5:colcon.colcon_core.verb:set package 'vision_pkg' build argument 'catkin_cmake_args' from command line to 'None'
[0.195s] Level 5:colcon.colcon_core.verb:set package 'vision_pkg' build argument 'catkin_skip_building_tests' from command line to 'False'
[0.195s] DEBUG:colcon.colcon_core.verb:Building package 'vision_pkg' with the following arguments: {'ament_cmake_args': None, 'build_base': '/home/tanaya/lab-7-vision-lab-team-10/vision_pkg/build/vision_pkg', 'catkin_cmake_args': None, 'catkin_skip_building_tests': False, 'cmake_args': None, 'cmake_clean_cache': False, 'cmake_clean_first': False, 'cmake_force_configure': False, 'cmake_target': None, 'cmake_target_skip_unavailable': False, 'install_base': '/home/tanaya/lab-7-vision-lab-team-10/vision_pkg/install/vision_pkg', 'merge_install': False, 'path': '/home/tanaya/lab-7-vision-lab-team-10/vision_pkg', 'symlink_install': False, 'test_result_base': None}
[0.196s] INFO:colcon.colcon_core.executor:Executing jobs using 'parallel' executor
[0.196s] DEBUG:colcon.colcon_parallel_executor.executor.parallel:run_until_complete
[0.196s] INFO:colcon.colcon_ros.task.ament_cmake.build:Building ROS package in '/home/tanaya/lab-7-vision-lab-team-10/vision_pkg' with build type 'ament_cmake'
[0.197s] INFO:colcon.colcon_cmake.task.cmake.build:Building CMake package in '/home/tanaya/lab-7-vision-lab-team-10/vision_pkg'
[0.197s] INFO:colcon.colcon_core.plugin_system:Skipping extension 'colcon_core.shell.bat': Not used on non-Windows systems
[0.198s] INFO:colcon.colcon_core.shell:Skip shell extension 'powershell' for command environment: Not usable outside of PowerShell
[0.198s] DEBUG:colcon.colcon_core.shell:Skip shell extension 'dsv' for command environment
[0.204s] DEBUG:colcon.colcon_core.event_handler.log_command:Invoking command in '/home/tanaya/lab-7-vision-lab-team-10/vision_pkg/build/vision_pkg': CMAKE_PREFIX_PATH=${CMAKE_PREFIX_PATH}:/opt/ros/foxy /usr/bin/cmake --build /home/tanaya/lab-7-vision-lab-team-10/vision_pkg/build/vision_pkg -- -j20 -l20
[0.229s] DEBUG:colcon.colcon_core.event_handler.log_command:Invoked command in '/home/tanaya/lab-7-vision-lab-team-10/vision_pkg/build/vision_pkg' returned '0': CMAKE_PREFIX_PATH=${CMAKE_PREFIX_PATH}:/opt/ros/foxy /usr/bin/cmake --build /home/tanaya/lab-7-vision-lab-team-10/vision_pkg/build/vision_pkg -- -j20 -l20
[0.263s] DEBUG:colcon.colcon_core.event_handler.log_command:Invoking command in '/home/tanaya/lab-7-vision-lab-team-10/vision_pkg/build/vision_pkg': CMAKE_PREFIX_PATH=${CMAKE_PREFIX_PATH}:/opt/ros/foxy /usr/bin/cmake --install /home/tanaya/lab-7-vision-lab-team-10/vision_pkg/build/vision_pkg
[0.274s] DEBUG:colcon.colcon_core.event_handler.log_command:Invoked command in '/home/tanaya/lab-7-vision-lab-team-10/vision_pkg/build/vision_pkg' returned '1': CMAKE_PREFIX_PATH=${CMAKE_PREFIX_PATH}:/opt/ros/foxy /usr/bin/cmake --install /home/tanaya/lab-7-vision-lab-team-10/vision_pkg/build/vision_pkg
[0.283s] Level 1:colcon.colcon_core.environment:create_environment_scripts_only(vision_pkg)
[0.286s] Level 1:colcon.colcon_core.environment:checking '/home/tanaya/lab-7-vision-lab-team-10/vision_pkg/install/vision_pkg' for CMake module files
[0.287s] Level 1:colcon.colcon_core.environment:checking '/home/tanaya/lab-7-vision-lab-team-10/vision_pkg/install/vision_pkg' for CMake config files
[0.287s] Level 1:colcon.colcon_core.shell:create_environment_hook('vision_pkg', 'cmake_prefix_path')
[0.288s] INFO:colcon.colcon_core.shell:Creating environment hook '/home/tanaya/lab-7-vision-lab-team-10/vision_pkg/install/vision_pkg/share/vision_pkg/hook/cmake_prefix_path.ps1'
[0.289s] INFO:colcon.colcon_core.shell:Creating environment descriptor '/home/tanaya/lab-7-vision-lab-team-10/vision_pkg/install/vision_pkg/share/vision_pkg/hook/cmake_prefix_path.dsv'
[0.289s] INFO:colcon.colcon_core.shell:Creating environment hook '/home/tanaya/lab-7-vision-lab-team-10/vision_pkg/install/vision_pkg/share/vision_pkg/hook/cmake_prefix_path.sh'
[0.290s] Level 1:colcon.colcon_core.environment:checking '/home/tanaya/lab-7-vision-lab-team-10/vision_pkg/install/vision_pkg/lib'
[0.290s] Level 1:colcon.colcon_core.environment:checking '/home/tanaya/lab-7-vision-lab-team-10/vision_pkg/install/vision_pkg/bin'
[0.290s] Level 1:colcon.colcon_core.environment:checking '/home/tanaya/lab-7-vision-lab-team-10/vision_pkg/install/vision_pkg/lib/pkgconfig/vision_pkg.pc'
[0.291s] Level 1:colcon.colcon_core.environment:checking '/home/tanaya/lab-7-vision-lab-team-10/vision_pkg/install/vision_pkg/lib/python3.8/site-packages'
[0.291s] Level 1:colcon.colcon_core.environment:checking '/home/tanaya/lab-7-vision-lab-team-10/vision_pkg/install/vision_pkg/bin'
[0.292s] INFO:colcon.colcon_core.shell:Creating package script '/home/tanaya/lab-7-vision-lab-team-10/vision_pkg/install/vision_pkg/share/vision_pkg/package.ps1'
[0.293s] INFO:colcon.colcon_core.shell:Creating package descriptor '/home/tanaya/lab-7-vision-lab-team-10/vision_pkg/install/vision_pkg/share/vision_pkg/package.dsv'
[0.293s] INFO:colcon.colcon_core.shell:Creating package script '/home/tanaya/lab-7-vision-lab-team-10/vision_pkg/install/vision_pkg/share/vision_pkg/package.sh'
[0.294s] INFO:colcon.colcon_core.shell:Creating package script '/home/tanaya/lab-7-vision-lab-team-10/vision_pkg/install/vision_pkg/share/vision_pkg/package.bash'
[0.295s] INFO:colcon.colcon_core.shell:Creating package script '/home/tanaya/lab-7-vision-lab-team-10/vision_pkg/install/vision_pkg/share/vision_pkg/package.zsh'
[0.296s] Level 1:colcon.colcon_core.environment:create_file_with_runtime_dependencies(/home/tanaya/lab-7-vision-lab-team-10/vision_pkg/install/vision_pkg/share/colcon-core/packages/vision_pkg)
[0.307s] DEBUG:colcon.colcon_parallel_executor.executor.parallel:closing loop
[0.307s] DEBUG:colcon.colcon_parallel_executor.executor.parallel:loop closed
[0.307s] DEBUG:colcon.colcon_parallel_executor.executor.parallel:run_until_complete finished with '1'
[0.307s] DEBUG:colcon.colcon_core.event_reactor:joining thread
[0.315s] INFO:colcon.colcon_core.plugin_system:Skipping extension 'colcon_notification.desktop_notification.terminal_notifier': Not used on non-Darwin systems
[0.315s] INFO:colcon.colcon_core.plugin_system:Skipping extension 'colcon_notification.desktop_notification.win32': Not used on non-Windows systems
[0.315s] INFO:colcon.colcon_notification.desktop_notification:Sending desktop notification using 'notify2'
[0.336s] DEBUG:colcon.colcon_core.event_reactor:joined thread
[0.336s] INFO:colcon.colcon_core.shell:Creating prefix script '/home/tanaya/lab-7-vision-lab-team-10/vision_pkg/install/local_setup.ps1'
[0.337s] INFO:colcon.colcon_core.shell:Creating prefix util module '/home/tanaya/lab-7-vision-lab-team-10/vision_pkg/install/_local_setup_util_ps1.py'
[0.338s] INFO:colcon.colcon_core.shell:Creating prefix chain script '/home/tanaya/lab-7-vision-lab-team-10/vision_pkg/install/setup.ps1'
[0.338s] INFO:colcon.colcon_core.shell:Creating prefix script '/home/tanaya/lab-7-vision-lab-team-10/vision_pkg/install/local_setup.sh'
[0.339s] INFO:colcon.colcon_core.shell:Creating prefix util module '/home/tanaya/lab-7-vision-lab-team-10/vision_pkg/install/_local_setup_util_sh.py'
[0.339s] INFO:colcon.colcon_core.shell:Creating prefix chain script '/home/tanaya/lab-7-vision-lab-team-10/vision_pkg/install/setup.sh'
[0.340s] INFO:colcon.colcon_core.shell:Creating prefix script '/home/tanaya/lab-7-vision-lab-team-10/vision_pkg/install/local_setup.bash'
[0.340s] INFO:colcon.colcon_core.shell:Creating prefix chain script '/home/tanaya/lab-7-vision-lab-team-10/vision_pkg/install/setup.bash'
[0.340s] INFO:colcon.colcon_core.shell:Creating prefix script '/home/tanaya/lab-7-vision-lab-team-10/vision_pkg/install/local_setup.zsh'
[0.341s] INFO:colcon.colcon_core.shell:Creating prefix chain script '/home/tanaya/lab-7-vision-lab-team-10/vision_pkg/install/setup.zsh'
