[0.007s] Invoking command in '/home/tanaya/lab-7-vision-lab-team-10/vision_pkg/build/vision_pkg': CMAKE_PREFIX_PATH=${CMAKE_PREFIX_PATH}:/opt/ros/foxy /usr/bin/cmake --build /home/tanaya/lab-7-vision-lab-team-10/vision_pkg/build/vision_pkg -- -j20 -l20
[0.022s] -- Found ament_cmake: 0.9.12 (/opt/ros/foxy/share/ament_cmake/cmake)
[0.036s] -- Using PYTHON_EXECUTABLE: /usr/bin/python3
[0.125s] -- Found rclcpp: 2.4.3 (/opt/ros/foxy/share/rclcpp/cmake)
[0.143s] -- Using all available rosidl_typesupport_c: rosidl_typesupport_fastrtps_c;rosidl_typesupport_introspection_c
[0.145s] -- Found rosidl_adapter: 1.3.1 (/opt/ros/foxy/share/rosidl_adapter/cmake)
[0.206s] -- Using all available rosidl_typesupport_cpp: rosidl_typesupport_fastrtps_cpp;rosidl_typesupport_introspection_cpp
[0.232s] -- Found rmw_implementation_cmake: 1.0.4 (/opt/ros/foxy/share/rmw_implementation_cmake/cmake)
[0.233s] -- Using RMW implementation 'rmw_fastrtps_cpp' as default
[0.309s] -- Found rclpy: 1.0.13 (/opt/ros/foxy/share/rclpy/cmake)
[0.309s] -- Found geometry_msgs: 2.0.5 (/opt/ros/foxy/share/geometry_msgs/cmake)
[0.327s] -- Found nav_msgs: 2.0.5 (/opt/ros/foxy/share/nav_msgs/cmake)
[0.365s] -- Found ackermann_msgs: 2.0.2 (/opt/ros/foxy/share/ackermann_msgs/cmake)
[0.383s] -- Found sensor_msgs: 2.0.5 (/opt/ros/foxy/share/sensor_msgs/cmake)
[0.422s] -- Found visualization_msgs: 2.0.5 (/opt/ros/foxy/share/visualization_msgs/cmake)
[0.460s] -- Found tf2_ros: 0.13.14 (/opt/ros/foxy/share/tf2_ros/cmake)
[0.637s] -- Found ament_lint_auto: 0.9.8 (/opt/ros/foxy/share/ament_lint_auto/cmake)
[0.670s] -- Added test 'copyright' to check source files copyright and LICENSE
[0.675s] -- Added test 'cppcheck' to perform static code analysis on C / C++ code
[0.675s] -- Configured cppcheck include dirs: 
[0.675s] -- Configured cppcheck exclude dirs and/or files: 
[0.680s] -- Added test 'cpplint' to check C / C++ code against the Google style
[0.680s] -- Configured cpplint exclude dirs and/or files: 
[0.681s] -- Added test 'flake8' to check Python code syntax and style conventions
[0.682s] -- Added test 'lint_cmake' to check CMake code style
[0.683s] -- Added test 'pep257' to check Python code against some of the style conventions in PEP 257
[0.687s] -- Added test 'uncrustify' to check C / C++ code style
[0.687s] -- Configured uncrustify additional arguments: 
[0.688s] -- Added test 'xmllint' to check XML markup files
[0.689s] -- Configuring done
[0.691s] -- Generating done
[0.692s] -- Build files have been written to: /home/tanaya/lab-7-vision-lab-team-10/vision_pkg/build/vision_pkg
[0.707s] Invoked command in '/home/tanaya/lab-7-vision-lab-team-10/vision_pkg/build/vision_pkg' returned '0': CMAKE_PREFIX_PATH=${CMAKE_PREFIX_PATH}:/opt/ros/foxy /usr/bin/cmake --build /home/tanaya/lab-7-vision-lab-team-10/vision_pkg/build/vision_pkg -- -j20 -l20
[0.727s] Invoking command in '/home/tanaya/lab-7-vision-lab-team-10/vision_pkg/build/vision_pkg': CMAKE_PREFIX_PATH=${CMAKE_PREFIX_PATH}:/opt/ros/foxy /usr/bin/cmake --install /home/tanaya/lab-7-vision-lab-team-10/vision_pkg/build/vision_pkg
[0.731s] -- Install configuration: ""
[0.731s] -- Up-to-date: /home/tanaya/lab-7-vision-lab-team-10/vision_pkg/install/vision_pkg/lib/vision_pkg/getPixelCoord.py
[0.731s] -- Up-to-date: /home/tanaya/lab-7-vision-lab-team-10/vision_pkg/install/vision_pkg/lib/vision_pkg/camera.py
[0.731s] -- Up-to-date: /home/tanaya/lab-7-vision-lab-team-10/vision_pkg/install/vision_pkg/lib/vision_pkg/distance.py
[0.731s] -- Up-to-date: /home/tanaya/lab-7-vision-lab-team-10/vision_pkg/install/vision_pkg/lib/vision_pkg/f110_yolo_hw_final.py
[0.731s] -- Up-to-date: /home/tanaya/lab-7-vision-lab-team-10/vision_pkg/install/vision_pkg/lib/vision_pkg/intrinsicMat.py
[0.731s] -- Up-to-date: /home/tanaya/lab-7-vision-lab-team-10/vision_pkg/install/vision_pkg/lib/vision_pkg/get_pos_from_pixel.py
[0.731s] -- Up-to-date: /home/tanaya/lab-7-vision-lab-team-10/vision_pkg/install/vision_pkg/share/ament_index/resource_index/package_run_dependencies/vision_pkg
[0.731s] -- Up-to-date: /home/tanaya/lab-7-vision-lab-team-10/vision_pkg/install/vision_pkg/share/ament_index/resource_index/parent_prefix_path/vision_pkg
[0.732s] -- Up-to-date: /home/tanaya/lab-7-vision-lab-team-10/vision_pkg/install/vision_pkg/share/vision_pkg/environment/ament_prefix_path.sh
[0.732s] -- Installing: /home/tanaya/lab-7-vision-lab-team-10/vision_pkg/install/vision_pkg/share/vision_pkg/environment/ament_prefix_path.dsv
[0.732s] -- Up-to-date: /home/tanaya/lab-7-vision-lab-team-10/vision_pkg/install/vision_pkg/share/vision_pkg/environment/path.sh
[0.732s] -- Installing: /home/tanaya/lab-7-vision-lab-team-10/vision_pkg/install/vision_pkg/share/vision_pkg/environment/path.dsv
[0.732s] -- Up-to-date: /home/tanaya/lab-7-vision-lab-team-10/vision_pkg/install/vision_pkg/share/vision_pkg/local_setup.bash
[0.732s] -- Up-to-date: /home/tanaya/lab-7-vision-lab-team-10/vision_pkg/install/vision_pkg/share/vision_pkg/local_setup.sh
[0.732s] -- Up-to-date: /home/tanaya/lab-7-vision-lab-team-10/vision_pkg/install/vision_pkg/share/vision_pkg/local_setup.zsh
[0.732s] -- Installing: /home/tanaya/lab-7-vision-lab-team-10/vision_pkg/install/vision_pkg/share/vision_pkg/local_setup.dsv
[0.732s] -- Installing: /home/tanaya/lab-7-vision-lab-team-10/vision_pkg/install/vision_pkg/share/vision_pkg/package.dsv
[0.732s] -- Up-to-date: /home/tanaya/lab-7-vision-lab-team-10/vision_pkg/install/vision_pkg/share/ament_index/resource_index/packages/vision_pkg
[0.732s] -- Up-to-date: /home/tanaya/lab-7-vision-lab-team-10/vision_pkg/install/vision_pkg/share/vision_pkg/cmake/vision_pkgConfig.cmake
[0.732s] -- Up-to-date: /home/tanaya/lab-7-vision-lab-team-10/vision_pkg/install/vision_pkg/share/vision_pkg/cmake/vision_pkgConfig-version.cmake
[0.732s] -- Up-to-date: /home/tanaya/lab-7-vision-lab-team-10/vision_pkg/install/vision_pkg/share/vision_pkg/package.xml
[0.733s] Invoked command in '/home/tanaya/lab-7-vision-lab-team-10/vision_pkg/build/vision_pkg' returned '0': CMAKE_PREFIX_PATH=${CMAKE_PREFIX_PATH}:/opt/ros/foxy /usr/bin/cmake --install /home/tanaya/lab-7-vision-lab-team-10/vision_pkg/build/vision_pkg
